<?xml version="1.0" encoding="UTF-8"?>
<testng-results retried="1" ignored="0" total="6" passed="4" failed="1" skipped="0">
  <reporter-output>
  </reporter-output>
  <suite started-at="2022-09-14T18:16:04 PDT" name="Suite" finished-at="2022-09-14T18:16:36 PDT" duration-ms="31954">
    <groups>
      <group name="ErrorValidation">
        <method signature="ErrorValidation.Loginerrorvalidate()[pri:0, instance:EndtoEnd.ErrorValidation@47f9738]" name="Loginerrorvalidate" class="EndtoEnd.ErrorValidation"/>
      </group> <!-- ErrorValidation -->
      <group name="providingdata">
        <method signature="standalone.Mainordersubmit(java.lang.String,java.lang.String,java.lang.String)[pri:0, instance:EndtoEnd.standalone@22f31dec]" name="Mainordersubmit" class="EndtoEnd.standalone"/>
      </group> <!-- providingdata -->
    </groups>
    <test started-at="2022-09-14T18:16:04 PDT" name="secondTest" finished-at="2022-09-14T18:16:19 PDT" duration-ms="14721">
      <class name="EndtoEnd.ErrorValidation">
        <test-method retried="true" signature="Loginerrorvalidate()[pri:0, instance:EndtoEnd.ErrorValidation@47f9738]" started-at="2022-09-14T18:16:04 PDT" name="Loginerrorvalidate" finished-at="2022-09-14T18:16:11 PDT" duration-ms="7199" status="SKIP">
          <exception class="java.lang.AssertionError">
            <message>
              <![CDATA[expected [Incorrects email or password.] but found [Incorrect email or password.]]]>
            </message>
            <full-stacktrace>
              <![CDATA[java.lang.AssertionError: expected [Incorrects email or password.] but found [Incorrect email or password.]
at org.testng.Assert.fail(Assert.java:110)
at org.testng.Assert.failNotEquals(Assert.java:1413)
at org.testng.Assert.assertEqualsImpl(Assert.java:149)
at org.testng.Assert.assertEquals(Assert.java:131)
at org.testng.Assert.assertEquals(Assert.java:655)
at org.testng.Assert.assertEquals(Assert.java:665)
at EndtoEnd.ErrorValidation.Loginerrorvalidate(ErrorValidation.java:21)
at java.base/jdk.internal.reflect.NativeMethodAccessorImpl.invoke0(Native Method)
at java.base/jdk.internal.reflect.NativeMethodAccessorImpl.invoke(NativeMethodAccessorImpl.java:62)
at java.base/jdk.internal.reflect.DelegatingMethodAccessorImpl.invoke(DelegatingMethodAccessorImpl.java:43)
at java.base/java.lang.reflect.Method.invoke(Method.java:566)
at org.testng.internal.invokers.MethodInvocationHelper.invokeMethod(MethodInvocationHelper.java:139)
at org.testng.internal.invokers.TestInvoker.invokeMethod(TestInvoker.java:677)
at org.testng.internal.invokers.TestInvoker.invokeTestMethod(TestInvoker.java:221)
at org.testng.internal.invokers.MethodRunner.runInSequence(MethodRunner.java:50)
at org.testng.internal.invokers.TestInvoker$MethodInvocationAgent.invoke(TestInvoker.java:962)
at org.testng.internal.invokers.TestInvoker.invokeTestMethods(TestInvoker.java:194)
at org.testng.internal.invokers.TestMethodWorker.invokeTestMethods(TestMethodWorker.java:148)
at org.testng.internal.invokers.TestMethodWorker.run(TestMethodWorker.java:128)
at java.base/java.util.ArrayList.forEach(ArrayList.java:1541)
at org.testng.TestRunner.privateRun(TestRunner.java:806)
at org.testng.TestRunner.run(TestRunner.java:601)
at org.testng.SuiteRunner.runTest(SuiteRunner.java:433)
at org.testng.SuiteRunner$SuiteWorker.run(SuiteRunner.java:471)
at org.testng.internal.thread.ThreadUtil.lambda$execute$0(ThreadUtil.java:58)
at java.base/java.util.concurrent.FutureTask.run(FutureTask.java:264)
at java.base/java.util.concurrent.ThreadPoolExecutor.runWorker(ThreadPoolExecutor.java:1128)
at java.base/java.util.concurrent.ThreadPoolExecutor$Worker.run(ThreadPoolExecutor.java:628)
at java.base/java.lang.Thread.run(Thread.java:834)
]]>
            </full-stacktrace>
          </exception> <!-- java.lang.AssertionError -->
          <reporter-output>
          </reporter-output>
        </test-method> <!-- Loginerrorvalidate -->
        <test-method is-config="true" signature="closedriver()[pri:0, instance:EndtoEnd.ErrorValidation@47f9738]" started-at="2022-09-14T18:16:11 PDT" name="closedriver" finished-at="2022-09-14T18:16:12 PDT" duration-ms="629" status="PASS">
          <reporter-output>
          </reporter-output>
        </test-method> <!-- closedriver -->
        <test-method signature="Loginerrorvalidate()[pri:0, instance:EndtoEnd.ErrorValidation@47f9738]" started-at="2022-09-14T18:16:12 PDT" name="Loginerrorvalidate" finished-at="2022-09-14T18:16:17 PDT" duration-ms="5699" status="FAIL">
          <exception class="java.lang.AssertionError">
            <message>
              <![CDATA[expected [Incorrects email or password.] but found [Incorrect email or password.]]]>
            </message>
            <full-stacktrace>
              <![CDATA[java.lang.AssertionError: expected [Incorrects email or password.] but found [Incorrect email or password.]
at org.testng.Assert.fail(Assert.java:110)
at org.testng.Assert.failNotEquals(Assert.java:1413)
at org.testng.Assert.assertEqualsImpl(Assert.java:149)
at org.testng.Assert.assertEquals(Assert.java:131)
at org.testng.Assert.assertEquals(Assert.java:655)
at org.testng.Assert.assertEquals(Assert.java:665)
at EndtoEnd.ErrorValidation.Loginerrorvalidate(ErrorValidation.java:21)
at java.base/jdk.internal.reflect.NativeMethodAccessorImpl.invoke0(Native Method)
at java.base/jdk.internal.reflect.NativeMethodAccessorImpl.invoke(NativeMethodAccessorImpl.java:62)
at java.base/jdk.internal.reflect.DelegatingMethodAccessorImpl.invoke(DelegatingMethodAccessorImpl.java:43)
at java.base/java.lang.reflect.Method.invoke(Method.java:566)
at org.testng.internal.invokers.MethodInvocationHelper.invokeMethod(MethodInvocationHelper.java:139)
at org.testng.internal.invokers.TestInvoker.invokeMethod(TestInvoker.java:677)
at org.testng.internal.invokers.TestInvoker.retryFailed(TestInvoker.java:263)
at org.testng.internal.invokers.MethodRunner.runInSequence(MethodRunner.java:62)
at org.testng.internal.invokers.TestInvoker$MethodInvocationAgent.invoke(TestInvoker.java:962)
at org.testng.internal.invokers.TestInvoker.invokeTestMethods(TestInvoker.java:194)
at org.testng.internal.invokers.TestMethodWorker.invokeTestMethods(TestMethodWorker.java:148)
at org.testng.internal.invokers.TestMethodWorker.run(TestMethodWorker.java:128)
at java.base/java.util.ArrayList.forEach(ArrayList.java:1541)
at org.testng.TestRunner.privateRun(TestRunner.java:806)
at org.testng.TestRunner.run(TestRunner.java:601)
at org.testng.SuiteRunner.runTest(SuiteRunner.java:433)
at org.testng.SuiteRunner$SuiteWorker.run(SuiteRunner.java:471)
at org.testng.internal.thread.ThreadUtil.lambda$execute$0(ThreadUtil.java:58)
at java.base/java.util.concurrent.FutureTask.run(FutureTask.java:264)
at java.base/java.util.concurrent.ThreadPoolExecutor.runWorker(ThreadPoolExecutor.java:1128)
at java.base/java.util.concurrent.ThreadPoolExecutor$Worker.run(ThreadPoolExecutor.java:628)
at java.base/java.lang.Thread.run(Thread.java:834)
]]>
            </full-stacktrace>
          </exception> <!-- java.lang.AssertionError -->
          <reporter-output>
          </reporter-output>
        </test-method> <!-- Loginerrorvalidate -->
        <test-method is-config="true" signature="closedriver()[pri:0, instance:EndtoEnd.ErrorValidation@47f9738]" started-at="2022-09-14T18:16:18 PDT" name="closedriver" finished-at="2022-09-14T18:16:19 PDT" duration-ms="619" status="PASS">
          <reporter-output>
          </reporter-output>
        </test-method> <!-- closedriver -->
      </class> <!-- EndtoEnd.ErrorValidation -->
    </test> <!-- secondTest -->
    <test started-at="2022-09-14T18:16:04 PDT" name="firstTest" finished-at="2022-09-14T18:16:36 PDT" duration-ms="31954">
      <class name="EndtoEnd.standalone">
        <test-method signature="Mainordersubmit(java.lang.String,java.lang.String,java.lang.String)[pri:0, instance:EndtoEnd.standalone@22f31dec]" started-at="2022-09-14T18:16:04 PDT" name="Mainordersubmit" data-provider="getdata" finished-at="2022-09-14T18:16:14 PDT" duration-ms="9626" status="PASS">
          <params>
            <param index="0">
              <value>
                <![CDATA[pooja.shetty@gmail.com]]>
              </value>
            </param>
            <param index="1">
              <value>
                <![CDATA[Qwerty@2022]]>
              </value>
            </param>
            <param index="2">
              <value>
                <![CDATA[IPHONE 13 PRO]]>
              </value>
            </param>
          </params>
          <reporter-output>
          </reporter-output>
        </test-method> <!-- Mainordersubmit -->
        <test-method is-config="true" signature="closedriver()[pri:0, instance:EndtoEnd.standalone@22f31dec]" started-at="2022-09-14T18:16:14 PDT" name="closedriver" finished-at="2022-09-14T18:16:14 PDT" duration-ms="663" status="PASS">
          <reporter-output>
          </reporter-output>
        </test-method> <!-- closedriver -->
        <test-method signature="Mainordersubmit(java.lang.String,java.lang.String,java.lang.String)[pri:0, instance:EndtoEnd.standalone@22f31dec]" started-at="2022-09-14T18:16:14 PDT" name="Mainordersubmit" data-provider="getdata" finished-at="2022-09-14T18:16:22 PDT" duration-ms="8097" status="PASS">
          <params>
            <param index="0">
              <value>
                <![CDATA[pooja.shetty@gmail.com]]>
              </value>
            </param>
            <param index="1">
              <value>
                <![CDATA[Qwerty@2022]]>
              </value>
            </param>
            <param index="2">
              <value>
                <![CDATA[ADIDAS ORIGINAL]]>
              </value>
            </param>
          </params>
          <reporter-output>
          </reporter-output>
        </test-method> <!-- Mainordersubmit -->
        <test-method is-config="true" signature="closedriver()[pri:0, instance:EndtoEnd.standalone@22f31dec]" started-at="2022-09-14T18:16:22 PDT" name="closedriver" finished-at="2022-09-14T18:16:23 PDT" duration-ms="623" status="PASS">
          <reporter-output>
          </reporter-output>
        </test-method> <!-- closedriver -->
        <test-method signature="Myorders(java.lang.String,java.lang.String,java.lang.String)[pri:0, instance:EndtoEnd.standalone@22f31dec]" started-at="2022-09-14T18:16:23 PDT" name="Myorders" data-provider="getdata" finished-at="2022-09-14T18:16:29 PDT" depends-on-methods="EndtoEnd.standalone.Mainordersubmit" duration-ms="6117" status="PASS">
          <params>
            <param index="0">
              <value>
                <![CDATA[pooja.shetty@gmail.com]]>
              </value>
            </param>
            <param index="1">
              <value>
                <![CDATA[Qwerty@2022]]>
              </value>
            </param>
            <param index="2">
              <value>
                <![CDATA[IPHONE 13 PRO]]>
              </value>
            </param>
          </params>
          <reporter-output>
          </reporter-output>
        </test-method> <!-- Myorders -->
        <test-method is-config="true" signature="closedriver()[pri:0, instance:EndtoEnd.standalone@22f31dec]" started-at="2022-09-14T18:16:29 PDT" name="closedriver" finished-at="2022-09-14T18:16:30 PDT" duration-ms="608" status="PASS">
          <reporter-output>
          </reporter-output>
        </test-method> <!-- closedriver -->
        <test-method signature="Myorders(java.lang.String,java.lang.String,java.lang.String)[pri:0, instance:EndtoEnd.standalone@22f31dec]" started-at="2022-09-14T18:16:30 PDT" name="Myorders" data-provider="getdata" finished-at="2022-09-14T18:16:35 PDT" depends-on-methods="EndtoEnd.standalone.Mainordersubmit" duration-ms="5568" status="PASS">
          <params>
            <param index="0">
              <value>
                <![CDATA[pooja.shetty@gmail.com]]>
              </value>
            </param>
            <param index="1">
              <value>
                <![CDATA[Qwerty@2022]]>
              </value>
            </param>
            <param index="2">
              <value>
                <![CDATA[ADIDAS ORIGINAL]]>
              </value>
            </param>
          </params>
          <reporter-output>
          </reporter-output>
        </test-method> <!-- Myorders -->
        <test-method is-config="true" signature="closedriver()[pri:0, instance:EndtoEnd.standalone@22f31dec]" started-at="2022-09-14T18:16:35 PDT" name="closedriver" finished-at="2022-09-14T18:16:36 PDT" duration-ms="600" status="PASS">
          <reporter-output>
          </reporter-output>
        </test-method> <!-- closedriver -->
      </class> <!-- EndtoEnd.standalone -->
    </test> <!-- firstTest -->
  </suite> <!-- Suite -->
</testng-results>
